{"/media/mr/08526834526828A0/www/02.IT-INCUBATOR/lesson1dz/__tests__/e2e/utils/coursesTestManager.ts": {"path":"/media/mr/08526834526828A0/www/02.IT-INCUBATOR/lesson1dz/__tests__/e2e/utils/coursesTestManager.ts","statementMap":{"0":{"start":{"line":1,"column":0},"end":{"line":1,"column":49}},"1":{"start":{"line":2,"column":0},"end":{"line":2,"column":71}},"2":{"start":{"line":3,"column":0},"end":{"line":3,"column":32}},"3":{"start":{"line":6,"column":26},"end":{"line":8,"column":1}},"4":{"start":{"line":7,"column":4},"end":{"line":7,"column":null}},"5":{"start":{"line":6,"column":13},"end":{"line":6,"column":26}},"6":{"start":{"line":10,"column":13},"end":{"line":28,"column":null}},"7":{"start":{"line":11,"column":24},"end":{"line":27,"column":null}},"8":{"start":{"line":12,"column":25},"end":{"line":15,"column":39}},"9":{"start":{"line":19,"column":8},"end":{"line":25,"column":9}},"10":{"start":{"line":20,"column":12},"end":{"line":20,"column":42}},"11":{"start":{"line":21,"column":12},"end":{"line":24,"column":null}},"12":{"start":{"line":26,"column":8},"end":{"line":26,"column":null}}},"fnMap":{"0":{"name":"(anonymous_8)","decl":{"start":{"line":6,"column":26},"end":{"line":6,"column":29}},"loc":{"start":{"line":6,"column":31},"end":{"line":8,"column":1}}},"1":{"name":"(anonymous_9)","decl":{"start":{"line":11,"column":10},"end":{"line":11,"column":23}},"loc":{"start":{"line":11,"column":23},"end":{"line":27,"column":null}}},"2":{"name":"(anonymous_10)","decl":{"start":{"line":11,"column":24},"end":{"line":11,"column":47}},"loc":{"start":{"line":11,"column":111},"end":{"line":27,"column":5}}}},"branchMap":{"0":{"loc":{"start":{"line":11,"column":49},"end":{"line":11,"column":111}},"type":"default-arg","locations":[{"start":{"line":11,"column":86},"end":{"line":11,"column":111}}]},"1":{"loc":{"start":{"line":19,"column":8},"end":{"line":25,"column":9}},"type":"if","locations":[{"start":{"line":19,"column":8},"end":{"line":25,"column":9}}]}},"s":{"0":2,"1":2,"2":2,"3":2,"4":5,"5":2,"6":2,"7":5,"8":5,"9":5,"10":4,"11":4,"12":5},"f":{"0":5,"1":5,"2":5},"b":{"0":[4],"1":[4]}}
,"/media/mr/08526834526828A0/www/02.IT-INCUBATOR/lesson1dz/__tests__/e2e/utils/usersCoursesBindingsTestManager.ts": {"path":"/media/mr/08526834526828A0/www/02.IT-INCUBATOR/lesson1dz/__tests__/e2e/utils/usersCoursesBindingsTestManager.ts","statementMap":{"0":{"start":{"line":1,"column":0},"end":{"line":1,"column":49}},"1":{"start":{"line":2,"column":0},"end":{"line":2,"column":71}},"2":{"start":{"line":4,"column":0},"end":{"line":4,"column":32}},"3":{"start":{"line":7,"column":26},"end":{"line":9,"column":1}},"4":{"start":{"line":8,"column":4},"end":{"line":8,"column":null}},"5":{"start":{"line":7,"column":13},"end":{"line":7,"column":26}},"6":{"start":{"line":11,"column":13},"end":{"line":31,"column":null}},"7":{"start":{"line":12,"column":34},"end":{"line":30,"column":null}},"8":{"start":{"line":13,"column":25},"end":{"line":16,"column":39}},"9":{"start":{"line":20,"column":8},"end":{"line":28,"column":9}},"10":{"start":{"line":21,"column":12},"end":{"line":21,"column":42}},"11":{"start":{"line":22,"column":12},"end":{"line":27,"column":null}},"12":{"start":{"line":29,"column":8},"end":{"line":29,"column":null}}},"fnMap":{"0":{"name":"(anonymous_8)","decl":{"start":{"line":7,"column":26},"end":{"line":7,"column":29}},"loc":{"start":{"line":7,"column":31},"end":{"line":9,"column":1}}},"1":{"name":"(anonymous_9)","decl":{"start":{"line":12,"column":10},"end":{"line":12,"column":33}},"loc":{"start":{"line":12,"column":33},"end":{"line":30,"column":null}}},"2":{"name":"(anonymous_10)","decl":{"start":{"line":12,"column":34},"end":{"line":12,"column":68}},"loc":{"start":{"line":12,"column":132},"end":{"line":30,"column":5}}}},"branchMap":{"0":{"loc":{"start":{"line":12,"column":70},"end":{"line":12,"column":132}},"type":"default-arg","locations":[{"start":{"line":12,"column":107},"end":{"line":12,"column":132}}]},"1":{"loc":{"start":{"line":20,"column":8},"end":{"line":28,"column":9}},"type":"if","locations":[{"start":{"line":20,"column":8},"end":{"line":28,"column":9}}]}},"s":{"0":1,"1":1,"2":1,"3":1,"4":3,"5":1,"6":1,"7":3,"8":3,"9":3,"10":2,"11":2,"12":3},"f":{"0":3,"1":3,"2":3},"b":{"0":[2],"1":[2]}}
,"/media/mr/08526834526828A0/www/02.IT-INCUBATOR/lesson1dz/__tests__/e2e/utils/usersTestManager.ts": {"path":"/media/mr/08526834526828A0/www/02.IT-INCUBATOR/lesson1dz/__tests__/e2e/utils/usersTestManager.ts","statementMap":{"0":{"start":{"line":1,"column":0},"end":{"line":1,"column":49}},"1":{"start":{"line":2,"column":0},"end":{"line":2,"column":71}},"2":{"start":{"line":4,"column":0},"end":{"line":4,"column":32}},"3":{"start":{"line":6,"column":26},"end":{"line":8,"column":1}},"4":{"start":{"line":7,"column":4},"end":{"line":7,"column":null}},"5":{"start":{"line":6,"column":13},"end":{"line":6,"column":26}},"6":{"start":{"line":10,"column":13},"end":{"line":28,"column":null}},"7":{"start":{"line":11,"column":21},"end":{"line":27,"column":null}},"8":{"start":{"line":12,"column":25},"end":{"line":15,"column":39}},"9":{"start":{"line":19,"column":8},"end":{"line":25,"column":9}},"10":{"start":{"line":20,"column":12},"end":{"line":20,"column":42}},"11":{"start":{"line":21,"column":12},"end":{"line":24,"column":null}},"12":{"start":{"line":26,"column":8},"end":{"line":26,"column":null}}},"fnMap":{"0":{"name":"(anonymous_8)","decl":{"start":{"line":6,"column":26},"end":{"line":6,"column":29}},"loc":{"start":{"line":6,"column":31},"end":{"line":8,"column":1}}},"1":{"name":"(anonymous_9)","decl":{"start":{"line":11,"column":10},"end":{"line":11,"column":20}},"loc":{"start":{"line":11,"column":20},"end":{"line":27,"column":null}}},"2":{"name":"(anonymous_10)","decl":{"start":{"line":11,"column":21},"end":{"line":11,"column":42}},"loc":{"start":{"line":11,"column":106},"end":{"line":27,"column":5}}}},"branchMap":{"0":{"loc":{"start":{"line":11,"column":44},"end":{"line":11,"column":106}},"type":"default-arg","locations":[{"start":{"line":11,"column":81},"end":{"line":11,"column":106}}]},"1":{"loc":{"start":{"line":19,"column":8},"end":{"line":25,"column":9}},"type":"if","locations":[{"start":{"line":19,"column":8},"end":{"line":25,"column":9}}]}},"s":{"0":3,"1":3,"2":3,"3":3,"4":41,"5":3,"6":3,"7":5,"8":5,"9":5,"10":4,"11":4,"12":5},"f":{"0":41,"1":5,"2":5},"b":{"0":[4],"1":[4]}}
,"/media/mr/08526834526828A0/www/02.IT-INCUBATOR/lesson1dz/__tests__/e2e/utils/videosTestManager.ts": {"path":"/media/mr/08526834526828A0/www/02.IT-INCUBATOR/lesson1dz/__tests__/e2e/utils/videosTestManager.ts","statementMap":{"0":{"start":{"line":1,"column":0},"end":{"line":1,"column":49}},"1":{"start":{"line":2,"column":0},"end":{"line":2,"column":71}},"2":{"start":{"line":3,"column":0},"end":{"line":3,"column":32}},"3":{"start":{"line":6,"column":26},"end":{"line":8,"column":1}},"4":{"start":{"line":7,"column":4},"end":{"line":7,"column":null}},"5":{"start":{"line":6,"column":13},"end":{"line":6,"column":26}},"6":{"start":{"line":10,"column":13},"end":{"line":28,"column":null}},"7":{"start":{"line":11,"column":22},"end":{"line":27,"column":null}},"8":{"start":{"line":12,"column":25},"end":{"line":15,"column":39}},"9":{"start":{"line":19,"column":8},"end":{"line":25,"column":9}},"10":{"start":{"line":20,"column":12},"end":{"line":20,"column":42}},"11":{"start":{"line":21,"column":12},"end":{"line":24,"column":null}},"12":{"start":{"line":26,"column":8},"end":{"line":26,"column":null}}},"fnMap":{"0":{"name":"(anonymous_8)","decl":{"start":{"line":6,"column":26},"end":{"line":6,"column":29}},"loc":{"start":{"line":6,"column":31},"end":{"line":8,"column":1}}},"1":{"name":"(anonymous_9)","decl":{"start":{"line":11,"column":10},"end":{"line":11,"column":21}},"loc":{"start":{"line":11,"column":21},"end":{"line":27,"column":null}}},"2":{"name":"(anonymous_10)","decl":{"start":{"line":11,"column":22},"end":{"line":11,"column":44}},"loc":{"start":{"line":11,"column":108},"end":{"line":27,"column":5}}}},"branchMap":{"0":{"loc":{"start":{"line":11,"column":46},"end":{"line":11,"column":108}},"type":"default-arg","locations":[{"start":{"line":11,"column":83},"end":{"line":11,"column":108}}]},"1":{"loc":{"start":{"line":19,"column":8},"end":{"line":25,"column":9}},"type":"if","locations":[{"start":{"line":19,"column":8},"end":{"line":25,"column":9}}]}},"s":{"0":1,"1":1,"2":1,"3":1,"4":3,"5":1,"6":1,"7":3,"8":3,"9":3,"10":2,"11":2,"12":3},"f":{"0":3,"1":3,"2":3},"b":{"0":[2],"1":[2]}}
,"/media/mr/08526834526828A0/www/02.IT-INCUBATOR/lesson1dz/src/app.ts": {"path":"/media/mr/08526834526828A0/www/02.IT-INCUBATOR/lesson1dz/src/app.ts","statementMap":{"0":{"start":{"line":1,"column":0},"end":{"line":1,"column":51}},"1":{"start":{"line":3,"column":0},"end":{"line":3,"column":27}},"2":{"start":{"line":4,"column":0},"end":{"line":4,"column":57}},"3":{"start":{"line":5,"column":0},"end":{"line":5,"column":46}},"4":{"start":{"line":6,"column":0},"end":{"line":6,"column":53}},"5":{"start":{"line":7,"column":0},"end":{"line":7,"column":84}},"6":{"start":{"line":8,"column":0},"end":{"line":8,"column":54}},"7":{"start":{"line":10,"column":13},"end":{"line":10,"column":null}},"8":{"start":{"line":11,"column":13},"end":{"line":11,"column":null}},"9":{"start":{"line":13,"column":0},"end":{"line":13,"column":null}},"10":{"start":{"line":14,"column":13},"end":{"line":20,"column":null}},"11":{"start":{"line":21,"column":0},"end":{"line":23,"column":null}},"12":{"start":{"line":22,"column":4},"end":{"line":22,"column":null}},"13":{"start":{"line":24,"column":0},"end":{"line":24,"column":null}},"14":{"start":{"line":25,"column":0},"end":{"line":25,"column":null}},"15":{"start":{"line":26,"column":0},"end":{"line":26,"column":null}},"16":{"start":{"line":27,"column":0},"end":{"line":27,"column":null}},"17":{"start":{"line":28,"column":0},"end":{"line":28,"column":null}}},"fnMap":{"0":{"name":"(anonymous_1)","decl":{"start":{"line":21,"column":13},"end":{"line":21,"column":14}},"loc":{"start":{"line":21,"column":26},"end":{"line":23,"column":1}}}},"branchMap":{},"s":{"0":4,"1":4,"2":4,"3":4,"4":4,"5":4,"6":4,"7":4,"8":4,"9":4,"10":4,"11":4,"12":0,"13":4,"14":4,"15":4,"16":4,"17":4},"f":{"0":0},"b":{}}
,"/media/mr/08526834526828A0/www/02.IT-INCUBATOR/lesson1dz/src/db/db.ts": {"path":"/media/mr/08526834526828A0/www/02.IT-INCUBATOR/lesson1dz/src/db/db.ts","statementMap":{"0":{"start":{"line":25,"column":13},"end":{"line":49,"column":null}}},"fnMap":{},"branchMap":{},"s":{"0":4},"f":{},"b":{}}
,"/media/mr/08526834526828A0/www/02.IT-INCUBATOR/lesson1dz/src/middlewares/input-validation-middleware.ts": {"path":"/media/mr/08526834526828A0/www/02.IT-INCUBATOR/lesson1dz/src/middlewares/input-validation-middleware.ts","statementMap":{"0":{"start":{"line":2,"column":0},"end":{"line":2,"column":53}},"1":{"start":{"line":4,"column":41},"end":{"line":11,"column":1}},"2":{"start":{"line":5,"column":19},"end":{"line":5,"column":40}},"3":{"start":{"line":6,"column":4},"end":{"line":10,"column":5}},"4":{"start":{"line":7,"column":8},"end":{"line":7,"column":null}},"5":{"start":{"line":9,"column":8},"end":{"line":9,"column":null}},"6":{"start":{"line":4,"column":13},"end":{"line":4,"column":41}}},"fnMap":{"0":{"name":"(anonymous_0)","decl":{"start":{"line":4,"column":41},"end":{"line":4,"column":42}},"loc":{"start":{"line":4,"column":94},"end":{"line":11,"column":1}}}},"branchMap":{"0":{"loc":{"start":{"line":6,"column":4},"end":{"line":10,"column":5}},"type":"if","locations":[{"start":{"line":6,"column":4},"end":{"line":10,"column":5}},{"start":{"line":8,"column":9},"end":{"line":10,"column":5}}]}},"s":{"0":4,"1":4,"2":15,"3":15,"4":4,"5":11,"6":4},"f":{"0":15},"b":{"0":[4,11]}}
,"/media/mr/08526834526828A0/www/02.IT-INCUBATOR/lesson1dz/src/routes/courses.router.ts": {"path":"/media/mr/08526834526828A0/www/02.IT-INCUBATOR/lesson1dz/src/routes/courses.router.ts","statementMap":{"0":{"start":{"line":1,"column":0},"end":{"line":1,"column":53}},"1":{"start":{"line":3,"column":0},"end":{"line":3,"column":45}},"2":{"start":{"line":5,"column":0},"end":{"line":5,"column":59}},"3":{"start":{"line":9,"column":0},"end":{"line":9,"column":85}},"4":{"start":{"line":13,"column":36},"end":{"line":18,"column":1}},"5":{"start":{"line":14,"column":4},"end":{"line":17,"column":null}},"6":{"start":{"line":13,"column":13},"end":{"line":13,"column":36}},"7":{"start":{"line":20,"column":32},"end":{"line":93,"column":1}},"8":{"start":{"line":22,"column":19},"end":{"line":22,"column":35}},"9":{"start":{"line":23,"column":28},"end":{"line":23,"column":178}},"10":{"start":{"line":25,"column":4},"end":{"line":34,"column":null}},"11":{"start":{"line":26,"column":27},"end":{"line":26,"column":37}},"12":{"start":{"line":28,"column":8},"end":{"line":31,"column":9}},"13":{"start":{"line":29,"column":12},"end":{"line":30,"column":null}},"14":{"start":{"line":30,"column":30},"end":{"line":30,"column":77}},"15":{"start":{"line":33,"column":8},"end":{"line":33,"column":null}},"16":{"start":{"line":35,"column":4},"end":{"line":44,"column":null}},"17":{"start":{"line":36,"column":28},"end":{"line":36,"column":85}},"18":{"start":{"line":36,"column":49},"end":{"line":36,"column":84}},"19":{"start":{"line":38,"column":8},"end":{"line":41,"column":9}},"20":{"start":{"line":39,"column":12},"end":{"line":39,"column":null}},"21":{"start":{"line":40,"column":12},"end":{"line":40,"column":18}},"22":{"start":{"line":43,"column":8},"end":{"line":43,"column":null}},"23":{"start":{"line":45,"column":4},"end":{"line":58,"column":null}},"24":{"start":{"line":45,"column":143},"end":{"line":58,"column":6}},"25":{"start":{"line":46,"column":8},"end":{"line":49,"column":9}},"26":{"start":{"line":47,"column":12},"end":{"line":47,"column":null}},"27":{"start":{"line":48,"column":12},"end":{"line":48,"column":19}},"28":{"start":{"line":50,"column":29},"end":{"line":53,"column":null}},"29":{"start":{"line":54,"column":8},"end":{"line":54,"column":null}},"30":{"start":{"line":55,"column":8},"end":{"line":57,"column":null}},"31":{"start":{"line":59,"column":4},"end":{"line":70,"column":7}},"32":{"start":{"line":60,"column":25},"end":{"line":60,"column":45}},"33":{"start":{"line":61,"column":29},"end":{"line":61,"column":74}},"34":{"start":{"line":61,"column":50},"end":{"line":61,"column":73}},"35":{"start":{"line":63,"column":8},"end":{"line":66,"column":9}},"36":{"start":{"line":64,"column":12},"end":{"line":64,"column":110}},"37":{"start":{"line":65,"column":12},"end":{"line":65,"column":19}},"38":{"start":{"line":68,"column":8},"end":{"line":68,"column":69}},"39":{"start":{"line":68,"column":44},"end":{"line":68,"column":67}},"40":{"start":{"line":69,"column":8},"end":{"line":69,"column":96}},"41":{"start":{"line":71,"column":4},"end":{"line":90,"column":null}},"42":{"start":{"line":71,"column":191},"end":{"line":90,"column":6}},"43":{"start":{"line":72,"column":8},"end":{"line":77,"column":9}},"44":{"start":{"line":73,"column":12},"end":{"line":75,"column":87}},"45":{"start":{"line":76,"column":12},"end":{"line":76,"column":19}},"46":{"start":{"line":78,"column":29},"end":{"line":78,"column":86}},"47":{"start":{"line":78,"column":50},"end":{"line":78,"column":85}},"48":{"start":{"line":79,"column":8},"end":{"line":84,"column":9}},"49":{"start":{"line":80,"column":12},"end":{"line":82,"column":75}},"50":{"start":{"line":83,"column":12},"end":{"line":83,"column":19}},"51":{"start":{"line":85,"column":8},"end":{"line":85,"column":null}},"52":{"start":{"line":87,"column":8},"end":{"line":89,"column":null}},"53":{"start":{"line":92,"column":4},"end":{"line":92,"column":null}},"54":{"start":{"line":20,"column":13},"end":{"line":20,"column":32}}},"fnMap":{"0":{"name":"(anonymous_8)","decl":{"start":{"line":13,"column":36},"end":{"line":13,"column":37}},"loc":{"start":{"line":13,"column":79},"end":{"line":18,"column":1}}},"1":{"name":"(anonymous_9)","decl":{"start":{"line":20,"column":32},"end":{"line":20,"column":33}},"loc":{"start":{"line":20,"column":47},"end":{"line":93,"column":1}}},"2":{"name":"(anonymous_10)","decl":{"start":{"line":25,"column":20},"end":{"line":25,"column":21}},"loc":{"start":{"line":25,"column":94},"end":{"line":34,"column":5}}},"3":{"name":"(anonymous_11)","decl":{"start":{"line":30,"column":25},"end":{"line":30,"column":26}},"loc":{"start":{"line":30,"column":30},"end":{"line":30,"column":77}}},"4":{"name":"(anonymous_12)","decl":{"start":{"line":35,"column":29},"end":{"line":35,"column":30}},"loc":{"start":{"line":35,"column":108},"end":{"line":44,"column":5}}},"5":{"name":"(anonymous_13)","decl":{"start":{"line":36,"column":44},"end":{"line":36,"column":45}},"loc":{"start":{"line":36,"column":49},"end":{"line":36,"column":84}}},"6":{"name":"(anonymous_14)","decl":{"start":{"line":45,"column":65},"end":{"line":45,"column":72}},"loc":{"start":{"line":45,"column":143},"end":{"line":58,"column":6}}},"7":{"name":"(anonymous_15)","decl":{"start":{"line":45,"column":143},"end":{"line":45,"column":null}},"loc":{"start":{"line":45,"column":143},"end":{"line":58,"column":5}}},"8":{"name":"(anonymous_16)","decl":{"start":{"line":59,"column":32},"end":{"line":59,"column":33}},"loc":{"start":{"line":59,"column":111},"end":{"line":70,"column":5}}},"9":{"name":"(anonymous_17)","decl":{"start":{"line":61,"column":45},"end":{"line":61,"column":46}},"loc":{"start":{"line":61,"column":50},"end":{"line":61,"column":73}}},"10":{"name":"(anonymous_18)","decl":{"start":{"line":68,"column":39},"end":{"line":68,"column":40}},"loc":{"start":{"line":68,"column":44},"end":{"line":68,"column":67}}},"11":{"name":"(anonymous_19)","decl":{"start":{"line":71,"column":73},"end":{"line":71,"column":80}},"loc":{"start":{"line":71,"column":191},"end":{"line":90,"column":6}}},"12":{"name":"(anonymous_20)","decl":{"start":{"line":71,"column":191},"end":{"line":71,"column":null}},"loc":{"start":{"line":71,"column":191},"end":{"line":90,"column":5}}},"13":{"name":"(anonymous_21)","decl":{"start":{"line":78,"column":45},"end":{"line":78,"column":46}},"loc":{"start":{"line":78,"column":50},"end":{"line":78,"column":85}}}},"branchMap":{"0":{"loc":{"start":{"line":28,"column":8},"end":{"line":31,"column":9}},"type":"if","locations":[{"start":{"line":28,"column":8},"end":{"line":31,"column":9}}]},"1":{"loc":{"start":{"line":38,"column":8},"end":{"line":41,"column":9}},"type":"if","locations":[{"start":{"line":38,"column":8},"end":{"line":41,"column":9}}]},"2":{"loc":{"start":{"line":46,"column":8},"end":{"line":49,"column":9}},"type":"if","locations":[{"start":{"line":46,"column":8},"end":{"line":49,"column":9}}]},"3":{"loc":{"start":{"line":63,"column":8},"end":{"line":66,"column":9}},"type":"if","locations":[{"start":{"line":63,"column":8},"end":{"line":66,"column":9}}]},"4":{"loc":{"start":{"line":72,"column":8},"end":{"line":77,"column":9}},"type":"if","locations":[{"start":{"line":72,"column":8},"end":{"line":77,"column":9}}]},"5":{"loc":{"start":{"line":79,"column":8},"end":{"line":84,"column":9}},"type":"if","locations":[{"start":{"line":79,"column":8},"end":{"line":84,"column":9}}]}},"s":{"0":4,"1":4,"2":4,"3":4,"4":4,"5":0,"6":4,"7":4,"8":4,"9":4,"10":4,"11":5,"12":5,"13":0,"14":0,"15":5,"16":4,"17":5,"18":5,"19":5,"20":2,"21":2,"22":3,"23":4,"24":4,"25":4,"26":0,"27":0,"28":4,"29":4,"30":4,"31":4,"32":2,"33":2,"34":2,"35":2,"36":0,"37":0,"38":2,"39":3,"40":2,"41":4,"42":2,"43":2,"44":0,"45":0,"46":2,"47":3,"48":2,"49":1,"50":1,"51":1,"52":1,"53":4,"54":4},"f":{"0":0,"1":4,"2":5,"3":0,"4":5,"5":5,"6":4,"7":4,"8":2,"9":2,"10":3,"11":2,"12":2,"13":3},"b":{"0":[0],"1":[2],"2":[0],"3":[0],"4":[0],"5":[1]}}
,"/media/mr/08526834526828A0/www/02.IT-INCUBATOR/lesson1dz/src/routes/tests.ts": {"path":"/media/mr/08526834526828A0/www/02.IT-INCUBATOR/lesson1dz/src/routes/tests.ts","statementMap":{"0":{"start":{"line":1,"column":0},"end":{"line":1,"column":30}},"1":{"start":{"line":3,"column":0},"end":{"line":3,"column":45}},"2":{"start":{"line":6,"column":30},"end":{"line":19,"column":1}},"3":{"start":{"line":8,"column":19},"end":{"line":8,"column":35}},"4":{"start":{"line":10,"column":4},"end":{"line":16,"column":null}},"5":{"start":{"line":11,"column":8},"end":{"line":11,"column":24}},"6":{"start":{"line":12,"column":8},"end":{"line":12,"column":22}},"7":{"start":{"line":13,"column":8},"end":{"line":13,"column":23}},"8":{"start":{"line":14,"column":8},"end":{"line":14,"column":34}},"9":{"start":{"line":15,"column":8},"end":{"line":15,"column":null}},"10":{"start":{"line":18,"column":4},"end":{"line":18,"column":null}},"11":{"start":{"line":6,"column":13},"end":{"line":6,"column":30}}},"fnMap":{"0":{"name":"(anonymous_1)","decl":{"start":{"line":6,"column":30},"end":{"line":6,"column":31}},"loc":{"start":{"line":6,"column":45},"end":{"line":19,"column":1}}},"1":{"name":"(anonymous_2)","decl":{"start":{"line":10,"column":27},"end":{"line":10,"column":28}},"loc":{"start":{"line":10,"column":40},"end":{"line":16,"column":5}}}},"branchMap":{},"s":{"0":4,"1":4,"2":4,"3":4,"4":4,"5":5,"6":5,"7":5,"8":5,"9":5,"10":4,"11":4},"f":{"0":4,"1":5},"b":{}}
,"/media/mr/08526834526828A0/www/02.IT-INCUBATOR/lesson1dz/src/routes/users-corses-bindings.router.ts": {"path":"/media/mr/08526834526828A0/www/02.IT-INCUBATOR/lesson1dz/src/routes/users-corses-bindings.router.ts","statementMap":{"0":{"start":{"line":1,"column":0},"end":{"line":1,"column":42}},"1":{"start":{"line":2,"column":0},"end":{"line":2,"column":45}},"2":{"start":{"line":5,"column":0},"end":{"line":5,"column":39}},"3":{"start":{"line":9,"column":36},"end":{"line":16,"column":1}},"4":{"start":{"line":10,"column":4},"end":{"line":15,"column":null}},"5":{"start":{"line":9,"column":13},"end":{"line":9,"column":36}},"6":{"start":{"line":18,"column":45},"end":{"line":56,"column":1}},"7":{"start":{"line":20,"column":19},"end":{"line":20,"column":35}},"8":{"start":{"line":21,"column":43},"end":{"line":23,"column":108}},"9":{"start":{"line":25,"column":4},"end":{"line":54,"column":null}},"10":{"start":{"line":26,"column":75},"end":{"line":54,"column":6}},"11":{"start":{"line":28,"column":21},"end":{"line":28,"column":69}},"12":{"start":{"line":28,"column":40},"end":{"line":28,"column":68}},"13":{"start":{"line":29,"column":23},"end":{"line":29,"column":77}},"14":{"start":{"line":29,"column":44},"end":{"line":29,"column":76}},"15":{"start":{"line":31,"column":8},"end":{"line":34,"column":9}},"16":{"start":{"line":32,"column":12},"end":{"line":32,"column":null}},"17":{"start":{"line":33,"column":12},"end":{"line":33,"column":19}},"18":{"start":{"line":36,"column":38},"end":{"line":37,"column":100}},"19":{"start":{"line":37,"column":41},"end":{"line":37,"column":99}},"20":{"start":{"line":39,"column":8},"end":{"line":42,"column":9}},"21":{"start":{"line":40,"column":12},"end":{"line":40,"column":null}},"22":{"start":{"line":41,"column":12},"end":{"line":41,"column":19}},"23":{"start":{"line":44,"column":63},"end":{"line":48,"column":null}},"24":{"start":{"line":50,"column":8},"end":{"line":50,"column":null}},"25":{"start":{"line":51,"column":8},"end":{"line":53,"column":null}},"26":{"start":{"line":55,"column":4},"end":{"line":55,"column":null}},"27":{"start":{"line":18,"column":13},"end":{"line":18,"column":45}}},"fnMap":{"0":{"name":"(anonymous_8)","decl":{"start":{"line":9,"column":36},"end":{"line":9,"column":37}},"loc":{"start":{"line":9,"column":140},"end":{"line":16,"column":1}}},"1":{"name":"(anonymous_9)","decl":{"start":{"line":18,"column":45},"end":{"line":18,"column":46}},"loc":{"start":{"line":18,"column":60},"end":{"line":56,"column":1}}},"2":{"name":"(anonymous_10)","decl":{"start":{"line":25,"column":21},"end":{"line":25,"column":28}},"loc":{"start":{"line":26,"column":75},"end":{"line":54,"column":6}}},"3":{"name":"(anonymous_11)","decl":{"start":{"line":26,"column":75},"end":{"line":26,"column":null}},"loc":{"start":{"line":26,"column":75},"end":{"line":54,"column":5}}},"4":{"name":"(anonymous_12)","decl":{"start":{"line":28,"column":35},"end":{"line":28,"column":36}},"loc":{"start":{"line":28,"column":40},"end":{"line":28,"column":68}}},"5":{"name":"(anonymous_13)","decl":{"start":{"line":29,"column":39},"end":{"line":29,"column":40}},"loc":{"start":{"line":29,"column":44},"end":{"line":29,"column":76}}},"6":{"name":"(anonymous_14)","decl":{"start":{"line":37,"column":36},"end":{"line":37,"column":37}},"loc":{"start":{"line":37,"column":41},"end":{"line":37,"column":99}}}},"branchMap":{"0":{"loc":{"start":{"line":31,"column":8},"end":{"line":34,"column":9}},"type":"if","locations":[{"start":{"line":31,"column":8},"end":{"line":34,"column":9}}]},"1":{"loc":{"start":{"line":31,"column":12},"end":{"line":31,"column":28}},"type":"binary-expr","locations":[{"start":{"line":31,"column":12},"end":{"line":31,"column":17}},{"start":{"line":31,"column":21},"end":{"line":31,"column":28}}]},"2":{"loc":{"start":{"line":37,"column":41},"end":{"line":37,"column":99}},"type":"binary-expr","locations":[{"start":{"line":37,"column":41},"end":{"line":37,"column":65}},{"start":{"line":37,"column":69},"end":{"line":37,"column":99}}]},"3":{"loc":{"start":{"line":39,"column":8},"end":{"line":42,"column":9}},"type":"if","locations":[{"start":{"line":39,"column":8},"end":{"line":42,"column":9}}]}},"s":{"0":4,"1":4,"2":4,"3":4,"4":2,"5":4,"6":4,"7":4,"8":4,"9":4,"10":3,"11":3,"12":3,"13":3,"14":3,"15":3,"16":0,"17":0,"18":3,"19":1,"20":3,"21":1,"22":1,"23":2,"24":2,"25":2,"26":4,"27":4},"f":{"0":2,"1":4,"2":3,"3":3,"4":3,"5":3,"6":1},"b":{"0":[0],"1":[3,3],"2":[1,1],"3":[1]}}
,"/media/mr/08526834526828A0/www/02.IT-INCUBATOR/lesson1dz/src/routes/users.router.ts": {"path":"/media/mr/08526834526828A0/www/02.IT-INCUBATOR/lesson1dz/src/routes/users.router.ts","statementMap":{"0":{"start":{"line":1,"column":0},"end":{"line":1,"column":51}},"1":{"start":{"line":2,"column":0},"end":{"line":2,"column":45}},"2":{"start":{"line":6,"column":0},"end":{"line":6,"column":59}},"3":{"start":{"line":9,"column":0},"end":{"line":9,"column":85}},"4":{"start":{"line":12,"column":36},"end":{"line":17,"column":1}},"5":{"start":{"line":13,"column":4},"end":{"line":16,"column":null}},"6":{"start":{"line":12,"column":13},"end":{"line":12,"column":36}},"7":{"start":{"line":19,"column":30},"end":{"line":92,"column":1}},"8":{"start":{"line":21,"column":19},"end":{"line":21,"column":35}},"9":{"start":{"line":22,"column":31},"end":{"line":22,"column":184}},"10":{"start":{"line":24,"column":4},"end":{"line":33,"column":null}},"11":{"start":{"line":25,"column":25},"end":{"line":25,"column":33}},"12":{"start":{"line":27,"column":8},"end":{"line":30,"column":9}},"13":{"start":{"line":28,"column":12},"end":{"line":29,"column":null}},"14":{"start":{"line":29,"column":29},"end":{"line":29,"column":82}},"15":{"start":{"line":32,"column":8},"end":{"line":32,"column":null}},"16":{"start":{"line":34,"column":4},"end":{"line":43,"column":null}},"17":{"start":{"line":35,"column":26},"end":{"line":35,"column":77}},"18":{"start":{"line":35,"column":45},"end":{"line":35,"column":76}},"19":{"start":{"line":37,"column":8},"end":{"line":40,"column":9}},"20":{"start":{"line":38,"column":12},"end":{"line":38,"column":null}},"21":{"start":{"line":39,"column":12},"end":{"line":39,"column":18}},"22":{"start":{"line":42,"column":8},"end":{"line":42,"column":null}},"23":{"start":{"line":44,"column":4},"end":{"line":57,"column":null}},"24":{"start":{"line":44,"column":147},"end":{"line":57,"column":6}},"25":{"start":{"line":45,"column":8},"end":{"line":48,"column":9}},"26":{"start":{"line":46,"column":12},"end":{"line":46,"column":null}},"27":{"start":{"line":47,"column":12},"end":{"line":47,"column":19}},"28":{"start":{"line":49,"column":27},"end":{"line":52,"column":null}},"29":{"start":{"line":53,"column":8},"end":{"line":53,"column":null}},"30":{"start":{"line":54,"column":8},"end":{"line":56,"column":null}},"31":{"start":{"line":58,"column":4},"end":{"line":69,"column":7}},"32":{"start":{"line":59,"column":23},"end":{"line":59,"column":41}},"33":{"start":{"line":60,"column":27},"end":{"line":60,"column":66}},"34":{"start":{"line":60,"column":46},"end":{"line":60,"column":65}},"35":{"start":{"line":62,"column":8},"end":{"line":65,"column":9}},"36":{"start":{"line":63,"column":12},"end":{"line":63,"column":115}},"37":{"start":{"line":64,"column":12},"end":{"line":64,"column":19}},"38":{"start":{"line":67,"column":8},"end":{"line":67,"column":61}},"39":{"start":{"line":67,"column":40},"end":{"line":67,"column":59}},"40":{"start":{"line":68,"column":8},"end":{"line":68,"column":102}},"41":{"start":{"line":70,"column":4},"end":{"line":89,"column":null}},"42":{"start":{"line":70,"column":185},"end":{"line":89,"column":6}},"43":{"start":{"line":71,"column":8},"end":{"line":76,"column":9}},"44":{"start":{"line":72,"column":12},"end":{"line":74,"column":85}},"45":{"start":{"line":75,"column":12},"end":{"line":75,"column":19}},"46":{"start":{"line":77,"column":26},"end":{"line":77,"column":77}},"47":{"start":{"line":77,"column":45},"end":{"line":77,"column":76}},"48":{"start":{"line":78,"column":8},"end":{"line":83,"column":9}},"49":{"start":{"line":79,"column":12},"end":{"line":81,"column":80}},"50":{"start":{"line":82,"column":12},"end":{"line":82,"column":19}},"51":{"start":{"line":84,"column":8},"end":{"line":84,"column":null}},"52":{"start":{"line":86,"column":8},"end":{"line":88,"column":null}},"53":{"start":{"line":91,"column":4},"end":{"line":91,"column":null}},"54":{"start":{"line":19,"column":13},"end":{"line":19,"column":30}}},"fnMap":{"0":{"name":"(anonymous_8)","decl":{"start":{"line":12,"column":36},"end":{"line":12,"column":37}},"loc":{"start":{"line":12,"column":75},"end":{"line":17,"column":1}}},"1":{"name":"(anonymous_9)","decl":{"start":{"line":19,"column":30},"end":{"line":19,"column":31}},"loc":{"start":{"line":19,"column":45},"end":{"line":92,"column":1}}},"2":{"name":"(anonymous_10)","decl":{"start":{"line":24,"column":20},"end":{"line":24,"column":21}},"loc":{"start":{"line":24,"column":90},"end":{"line":33,"column":5}}},"3":{"name":"(anonymous_11)","decl":{"start":{"line":29,"column":24},"end":{"line":29,"column":25}},"loc":{"start":{"line":29,"column":29},"end":{"line":29,"column":82}}},"4":{"name":"(anonymous_12)","decl":{"start":{"line":34,"column":27},"end":{"line":34,"column":28}},"loc":{"start":{"line":34,"column":102},"end":{"line":43,"column":5}}},"5":{"name":"(anonymous_13)","decl":{"start":{"line":35,"column":40},"end":{"line":35,"column":41}},"loc":{"start":{"line":35,"column":45},"end":{"line":35,"column":76}}},"6":{"name":"(anonymous_14)","decl":{"start":{"line":44,"column":68},"end":{"line":44,"column":75}},"loc":{"start":{"line":44,"column":147},"end":{"line":57,"column":6}}},"7":{"name":"(anonymous_15)","decl":{"start":{"line":44,"column":147},"end":{"line":44,"column":null}},"loc":{"start":{"line":44,"column":147},"end":{"line":57,"column":5}}},"8":{"name":"(anonymous_16)","decl":{"start":{"line":58,"column":30},"end":{"line":58,"column":31}},"loc":{"start":{"line":58,"column":105},"end":{"line":69,"column":5}}},"9":{"name":"(anonymous_17)","decl":{"start":{"line":60,"column":41},"end":{"line":60,"column":42}},"loc":{"start":{"line":60,"column":46},"end":{"line":60,"column":65}}},"10":{"name":"(anonymous_18)","decl":{"start":{"line":67,"column":35},"end":{"line":67,"column":36}},"loc":{"start":{"line":67,"column":40},"end":{"line":67,"column":59}}},"11":{"name":"(anonymous_19)","decl":{"start":{"line":70,"column":74},"end":{"line":70,"column":80}},"loc":{"start":{"line":70,"column":185},"end":{"line":89,"column":6}}},"12":{"name":"(anonymous_20)","decl":{"start":{"line":70,"column":185},"end":{"line":70,"column":null}},"loc":{"start":{"line":70,"column":185},"end":{"line":89,"column":5}}},"13":{"name":"(anonymous_21)","decl":{"start":{"line":77,"column":40},"end":{"line":77,"column":41}},"loc":{"start":{"line":77,"column":45},"end":{"line":77,"column":76}}}},"branchMap":{"0":{"loc":{"start":{"line":27,"column":8},"end":{"line":30,"column":9}},"type":"if","locations":[{"start":{"line":27,"column":8},"end":{"line":30,"column":9}}]},"1":{"loc":{"start":{"line":37,"column":8},"end":{"line":40,"column":9}},"type":"if","locations":[{"start":{"line":37,"column":8},"end":{"line":40,"column":9}}]},"2":{"loc":{"start":{"line":45,"column":8},"end":{"line":48,"column":9}},"type":"if","locations":[{"start":{"line":45,"column":8},"end":{"line":48,"column":9}}]},"3":{"loc":{"start":{"line":62,"column":8},"end":{"line":65,"column":9}},"type":"if","locations":[{"start":{"line":62,"column":8},"end":{"line":65,"column":9}}]},"4":{"loc":{"start":{"line":71,"column":8},"end":{"line":76,"column":9}},"type":"if","locations":[{"start":{"line":71,"column":8},"end":{"line":76,"column":9}}]},"5":{"loc":{"start":{"line":78,"column":8},"end":{"line":83,"column":9}},"type":"if","locations":[{"start":{"line":78,"column":8},"end":{"line":83,"column":9}}]}},"s":{"0":4,"1":4,"2":4,"3":4,"4":4,"5":0,"6":4,"7":4,"8":4,"9":4,"10":4,"11":5,"12":5,"13":0,"14":0,"15":5,"16":4,"17":6,"18":5,"19":6,"20":3,"21":3,"22":3,"23":4,"24":4,"25":4,"26":0,"27":0,"28":4,"29":4,"30":4,"31":4,"32":2,"33":2,"34":2,"35":2,"36":0,"37":0,"38":2,"39":3,"40":2,"41":4,"42":1,"43":1,"44":0,"45":0,"46":1,"47":1,"48":1,"49":0,"50":0,"51":1,"52":1,"53":4,"54":4},"f":{"0":0,"1":4,"2":5,"3":0,"4":6,"5":5,"6":4,"7":4,"8":2,"9":2,"10":3,"11":1,"12":1,"13":1},"b":{"0":[0],"1":[3],"2":[0],"3":[0],"4":[0],"5":[0]}}
,"/media/mr/08526834526828A0/www/02.IT-INCUBATOR/lesson1dz/src/routes/videos.router.ts": {"path":"/media/mr/08526834526828A0/www/02.IT-INCUBATOR/lesson1dz/src/routes/videos.router.ts","statementMap":{"0":{"start":{"line":1,"column":0},"end":{"line":1,"column":42}},"1":{"start":{"line":2,"column":0},"end":{"line":2,"column":45}},"2":{"start":{"line":10,"column":36},"end":{"line":15,"column":1}},"3":{"start":{"line":11,"column":4},"end":{"line":14,"column":null}},"4":{"start":{"line":10,"column":13},"end":{"line":10,"column":36}},"5":{"start":{"line":17,"column":30},"end":{"line":89,"column":1}},"6":{"start":{"line":19,"column":19},"end":{"line":19,"column":35}},"7":{"start":{"line":21,"column":4},"end":{"line":30,"column":null}},"8":{"start":{"line":22,"column":26},"end":{"line":22,"column":35}},"9":{"start":{"line":24,"column":8},"end":{"line":27,"column":9}},"10":{"start":{"line":25,"column":12},"end":{"line":26,"column":null}},"11":{"start":{"line":26,"column":29},"end":{"line":26,"column":84}},"12":{"start":{"line":29,"column":8},"end":{"line":29,"column":null}},"13":{"start":{"line":31,"column":4},"end":{"line":40,"column":null}},"14":{"start":{"line":32,"column":27},"end":{"line":32,"column":81}},"15":{"start":{"line":32,"column":47},"end":{"line":32,"column":80}},"16":{"start":{"line":34,"column":8},"end":{"line":37,"column":9}},"17":{"start":{"line":35,"column":12},"end":{"line":35,"column":null}},"18":{"start":{"line":36,"column":12},"end":{"line":36,"column":18}},"19":{"start":{"line":39,"column":8},"end":{"line":39,"column":null}},"20":{"start":{"line":41,"column":4},"end":{"line":54,"column":null}},"21":{"start":{"line":42,"column":8},"end":{"line":45,"column":9}},"22":{"start":{"line":43,"column":12},"end":{"line":43,"column":null}},"23":{"start":{"line":44,"column":12},"end":{"line":44,"column":19}},"24":{"start":{"line":46,"column":28},"end":{"line":49,"column":null}},"25":{"start":{"line":50,"column":8},"end":{"line":50,"column":null}},"26":{"start":{"line":51,"column":8},"end":{"line":53,"column":null}},"27":{"start":{"line":55,"column":4},"end":{"line":66,"column":7}},"28":{"start":{"line":56,"column":24},"end":{"line":56,"column":43}},"29":{"start":{"line":57,"column":28},"end":{"line":57,"column":70}},"30":{"start":{"line":57,"column":48},"end":{"line":57,"column":69}},"31":{"start":{"line":59,"column":8},"end":{"line":62,"column":9}},"32":{"start":{"line":60,"column":12},"end":{"line":60,"column":109}},"33":{"start":{"line":61,"column":12},"end":{"line":61,"column":19}},"34":{"start":{"line":64,"column":8},"end":{"line":64,"column":65}},"35":{"start":{"line":64,"column":42},"end":{"line":64,"column":63}},"36":{"start":{"line":65,"column":8},"end":{"line":65,"column":97}},"37":{"start":{"line":67,"column":4},"end":{"line":86,"column":null}},"38":{"start":{"line":68,"column":8},"end":{"line":73,"column":9}},"39":{"start":{"line":69,"column":12},"end":{"line":71,"column":86}},"40":{"start":{"line":72,"column":12},"end":{"line":72,"column":19}},"41":{"start":{"line":74,"column":27},"end":{"line":74,"column":81}},"42":{"start":{"line":74,"column":47},"end":{"line":74,"column":80}},"43":{"start":{"line":75,"column":8},"end":{"line":80,"column":9}},"44":{"start":{"line":76,"column":12},"end":{"line":78,"column":81}},"45":{"start":{"line":79,"column":12},"end":{"line":79,"column":19}},"46":{"start":{"line":81,"column":8},"end":{"line":81,"column":null}},"47":{"start":{"line":83,"column":8},"end":{"line":85,"column":null}},"48":{"start":{"line":88,"column":4},"end":{"line":88,"column":null}},"49":{"start":{"line":17,"column":13},"end":{"line":17,"column":30}}},"fnMap":{"0":{"name":"(anonymous_1)","decl":{"start":{"line":10,"column":36},"end":{"line":10,"column":37}},"loc":{"start":{"line":10,"column":75},"end":{"line":15,"column":1}}},"1":{"name":"(anonymous_2)","decl":{"start":{"line":17,"column":30},"end":{"line":17,"column":31}},"loc":{"start":{"line":17,"column":45},"end":{"line":89,"column":1}}},"2":{"name":"(anonymous_3)","decl":{"start":{"line":21,"column":20},"end":{"line":21,"column":21}},"loc":{"start":{"line":21,"column":92},"end":{"line":30,"column":5}}},"3":{"name":"(anonymous_4)","decl":{"start":{"line":26,"column":24},"end":{"line":26,"column":25}},"loc":{"start":{"line":26,"column":29},"end":{"line":26,"column":84}}},"4":{"name":"(anonymous_5)","decl":{"start":{"line":31,"column":28},"end":{"line":31,"column":29}},"loc":{"start":{"line":31,"column":105},"end":{"line":40,"column":5}}},"5":{"name":"(anonymous_6)","decl":{"start":{"line":32,"column":42},"end":{"line":32,"column":43}},"loc":{"start":{"line":32,"column":47},"end":{"line":32,"column":80}}},"6":{"name":"(anonymous_7)","decl":{"start":{"line":41,"column":21},"end":{"line":41,"column":22}},"loc":{"start":{"line":41,"column":96},"end":{"line":54,"column":5}}},"7":{"name":"(anonymous_8)","decl":{"start":{"line":55,"column":31},"end":{"line":55,"column":32}},"loc":{"start":{"line":55,"column":108},"end":{"line":66,"column":5}}},"8":{"name":"(anonymous_9)","decl":{"start":{"line":57,"column":43},"end":{"line":57,"column":44}},"loc":{"start":{"line":57,"column":48},"end":{"line":57,"column":69}}},"9":{"name":"(anonymous_10)","decl":{"start":{"line":64,"column":37},"end":{"line":64,"column":38}},"loc":{"start":{"line":64,"column":42},"end":{"line":64,"column":63}}},"10":{"name":"(anonymous_11)","decl":{"start":{"line":67,"column":27},"end":{"line":67,"column":28}},"loc":{"start":{"line":67,"column":136},"end":{"line":86,"column":5}}},"11":{"name":"(anonymous_12)","decl":{"start":{"line":74,"column":42},"end":{"line":74,"column":43}},"loc":{"start":{"line":74,"column":47},"end":{"line":74,"column":80}}}},"branchMap":{"0":{"loc":{"start":{"line":24,"column":8},"end":{"line":27,"column":9}},"type":"if","locations":[{"start":{"line":24,"column":8},"end":{"line":27,"column":9}}]},"1":{"loc":{"start":{"line":34,"column":8},"end":{"line":37,"column":9}},"type":"if","locations":[{"start":{"line":34,"column":8},"end":{"line":37,"column":9}}]},"2":{"loc":{"start":{"line":42,"column":8},"end":{"line":45,"column":9}},"type":"if","locations":[{"start":{"line":42,"column":8},"end":{"line":45,"column":9}}]},"3":{"loc":{"start":{"line":59,"column":8},"end":{"line":62,"column":9}},"type":"if","locations":[{"start":{"line":59,"column":8},"end":{"line":62,"column":9}}]},"4":{"loc":{"start":{"line":68,"column":8},"end":{"line":73,"column":9}},"type":"if","locations":[{"start":{"line":68,"column":8},"end":{"line":73,"column":9}}]},"5":{"loc":{"start":{"line":75,"column":8},"end":{"line":80,"column":9}},"type":"if","locations":[{"start":{"line":75,"column":8},"end":{"line":80,"column":9}}]}},"s":{"0":4,"1":4,"2":4,"3":0,"4":4,"5":4,"6":4,"7":4,"8":5,"9":5,"10":0,"11":0,"12":5,"13":4,"14":6,"15":5,"16":6,"17":3,"18":3,"19":3,"20":4,"21":3,"22":1,"23":1,"24":2,"25":2,"26":2,"27":4,"28":2,"29":2,"30":2,"31":2,"32":0,"33":0,"34":2,"35":3,"36":2,"37":4,"38":2,"39":1,"40":1,"41":1,"42":1,"43":1,"44":0,"45":0,"46":1,"47":1,"48":4,"49":4},"f":{"0":0,"1":4,"2":5,"3":0,"4":6,"5":5,"6":3,"7":2,"8":2,"9":3,"10":2,"11":1},"b":{"0":[0],"1":[3],"2":[1],"3":[0],"4":[1],"5":[0]}}
,"/media/mr/08526834526828A0/www/02.IT-INCUBATOR/lesson1dz/src/utils/utils.ts": {"path":"/media/mr/08526834526828A0/www/02.IT-INCUBATOR/lesson1dz/src/utils/utils.ts","statementMap":{"0":{"start":{"line":1,"column":13},"end":{"line":8,"column":null}}},"fnMap":{},"branchMap":{},"s":{"0":4},"f":{},"b":{}}
}
