TN:
SF:__tests__/e2e/utils/coursesTestManager.ts
FN:6,(anonymous_8)
FN:11,(anonymous_9)
FN:11,(anonymous_10)
FNF:3
FNH:3
FNDA:5,(anonymous_8)
FNDA:5,(anonymous_9)
FNDA:5,(anonymous_10)
DA:1,2
DA:2,2
DA:3,2
DA:6,2
DA:7,5
DA:10,2
DA:11,5
DA:12,5
DA:19,5
DA:20,4
DA:21,4
DA:26,5
LF:12
LH:12
BRDA:11,0,0,4
BRDA:19,1,0,4
BRF:2
BRH:2
end_of_record
TN:
SF:__tests__/e2e/utils/usersCoursesBindingsTestManager.ts
FN:7,(anonymous_8)
FN:12,(anonymous_9)
FN:12,(anonymous_10)
FNF:3
FNH:3
FNDA:3,(anonymous_8)
FNDA:3,(anonymous_9)
FNDA:3,(anonymous_10)
DA:1,1
DA:2,1
DA:4,1
DA:7,1
DA:8,3
DA:11,1
DA:12,3
DA:13,3
DA:20,3
DA:21,2
DA:22,2
DA:29,3
LF:12
LH:12
BRDA:12,0,0,2
BRDA:20,1,0,2
BRF:2
BRH:2
end_of_record
TN:
SF:__tests__/e2e/utils/usersTestManager.ts
FN:6,(anonymous_8)
FN:11,(anonymous_9)
FN:11,(anonymous_10)
FNF:3
FNH:3
FNDA:41,(anonymous_8)
FNDA:5,(anonymous_9)
FNDA:5,(anonymous_10)
DA:1,3
DA:2,3
DA:4,3
DA:6,3
DA:7,41
DA:10,3
DA:11,5
DA:12,5
DA:19,5
DA:20,4
DA:21,4
DA:26,5
LF:12
LH:12
BRDA:11,0,0,4
BRDA:19,1,0,4
BRF:2
BRH:2
end_of_record
TN:
SF:__tests__/e2e/utils/videosTestManager.ts
FN:6,(anonymous_8)
FN:11,(anonymous_9)
FN:11,(anonymous_10)
FNF:3
FNH:3
FNDA:3,(anonymous_8)
FNDA:3,(anonymous_9)
FNDA:3,(anonymous_10)
DA:1,1
DA:2,1
DA:3,1
DA:6,1
DA:7,3
DA:10,1
DA:11,3
DA:12,3
DA:19,3
DA:20,2
DA:21,2
DA:26,3
LF:12
LH:12
BRDA:11,0,0,2
BRDA:19,1,0,2
BRF:2
BRH:2
end_of_record
TN:
SF:src/app.ts
FN:21,(anonymous_1)
FNF:1
FNH:0
FNDA:0,(anonymous_1)
DA:1,4
DA:3,4
DA:4,4
DA:5,4
DA:6,4
DA:7,4
DA:8,4
DA:10,4
DA:11,4
DA:13,4
DA:14,4
DA:21,4
DA:22,0
DA:24,4
DA:25,4
DA:26,4
DA:27,4
DA:28,4
LF:18
LH:17
BRF:0
BRH:0
end_of_record
TN:
SF:src/db/db.ts
FNF:0
FNH:0
DA:25,4
LF:1
LH:1
BRF:0
BRH:0
end_of_record
TN:
SF:src/middlewares/input-validation-middleware.ts
FN:4,(anonymous_0)
FNF:1
FNH:1
FNDA:15,(anonymous_0)
DA:2,4
DA:4,4
DA:5,15
DA:6,15
DA:7,4
DA:9,11
LF:6
LH:6
BRDA:6,0,0,4
BRDA:6,0,1,11
BRF:2
BRH:2
end_of_record
TN:
SF:src/routes/courses.router.ts
FN:13,(anonymous_8)
FN:20,(anonymous_9)
FN:25,(anonymous_10)
FN:30,(anonymous_11)
FN:35,(anonymous_12)
FN:36,(anonymous_13)
FN:45,(anonymous_14)
FN:45,(anonymous_15)
FN:59,(anonymous_16)
FN:61,(anonymous_17)
FN:68,(anonymous_18)
FN:71,(anonymous_19)
FN:71,(anonymous_20)
FN:78,(anonymous_21)
FNF:14
FNH:12
FNDA:0,(anonymous_8)
FNDA:4,(anonymous_9)
FNDA:5,(anonymous_10)
FNDA:0,(anonymous_11)
FNDA:5,(anonymous_12)
FNDA:5,(anonymous_13)
FNDA:4,(anonymous_14)
FNDA:4,(anonymous_15)
FNDA:2,(anonymous_16)
FNDA:2,(anonymous_17)
FNDA:3,(anonymous_18)
FNDA:2,(anonymous_19)
FNDA:2,(anonymous_20)
FNDA:3,(anonymous_21)
DA:1,4
DA:3,4
DA:5,4
DA:9,4
DA:13,4
DA:14,0
DA:20,4
DA:22,4
DA:23,4
DA:25,4
DA:26,5
DA:28,5
DA:29,0
DA:30,0
DA:33,5
DA:35,4
DA:36,5
DA:38,5
DA:39,2
DA:40,2
DA:43,3
DA:45,4
DA:46,4
DA:47,0
DA:48,0
DA:50,4
DA:54,4
DA:55,4
DA:59,4
DA:60,2
DA:61,2
DA:63,2
DA:64,0
DA:65,0
DA:68,3
DA:69,2
DA:71,4
DA:72,2
DA:73,0
DA:76,0
DA:78,3
DA:79,2
DA:80,1
DA:83,1
DA:85,1
DA:87,1
DA:92,4
LF:47
LH:38
BRDA:28,0,0,0
BRDA:38,1,0,2
BRDA:46,2,0,0
BRDA:63,3,0,0
BRDA:72,4,0,0
BRDA:79,5,0,1
BRF:6
BRH:2
end_of_record
TN:
SF:src/routes/tests.ts
FN:6,(anonymous_1)
FN:10,(anonymous_2)
FNF:2
FNH:2
FNDA:4,(anonymous_1)
FNDA:5,(anonymous_2)
DA:1,4
DA:3,4
DA:6,4
DA:8,4
DA:10,4
DA:11,5
DA:12,5
DA:13,5
DA:14,5
DA:15,5
DA:18,4
LF:11
LH:11
BRF:0
BRH:0
end_of_record
TN:
SF:src/routes/users-corses-bindings.router.ts
FN:9,(anonymous_8)
FN:18,(anonymous_9)
FN:25,(anonymous_10)
FN:26,(anonymous_11)
FN:28,(anonymous_12)
FN:29,(anonymous_13)
FN:37,(anonymous_14)
FNF:7
FNH:7
FNDA:2,(anonymous_8)
FNDA:4,(anonymous_9)
FNDA:3,(anonymous_10)
FNDA:3,(anonymous_11)
FNDA:3,(anonymous_12)
FNDA:3,(anonymous_13)
FNDA:1,(anonymous_14)
DA:1,4
DA:2,4
DA:5,4
DA:9,4
DA:10,2
DA:18,4
DA:20,4
DA:21,4
DA:25,4
DA:26,3
DA:28,3
DA:29,3
DA:31,3
DA:32,0
DA:33,0
DA:36,3
DA:37,1
DA:39,3
DA:40,1
DA:41,1
DA:44,2
DA:50,2
DA:51,2
DA:55,4
LF:24
LH:22
BRDA:31,0,0,0
BRDA:31,1,0,3
BRDA:31,1,1,3
BRDA:37,2,0,1
BRDA:37,2,1,1
BRDA:39,3,0,1
BRF:6
BRH:5
end_of_record
TN:
SF:src/routes/users.router.ts
FN:12,(anonymous_8)
FN:19,(anonymous_9)
FN:24,(anonymous_10)
FN:29,(anonymous_11)
FN:34,(anonymous_12)
FN:35,(anonymous_13)
FN:44,(anonymous_14)
FN:44,(anonymous_15)
FN:58,(anonymous_16)
FN:60,(anonymous_17)
FN:67,(anonymous_18)
FN:70,(anonymous_19)
FN:70,(anonymous_20)
FN:77,(anonymous_21)
FNF:14
FNH:12
FNDA:0,(anonymous_8)
FNDA:4,(anonymous_9)
FNDA:5,(anonymous_10)
FNDA:0,(anonymous_11)
FNDA:6,(anonymous_12)
FNDA:5,(anonymous_13)
FNDA:4,(anonymous_14)
FNDA:4,(anonymous_15)
FNDA:2,(anonymous_16)
FNDA:2,(anonymous_17)
FNDA:3,(anonymous_18)
FNDA:1,(anonymous_19)
FNDA:1,(anonymous_20)
FNDA:1,(anonymous_21)
DA:1,4
DA:2,4
DA:6,4
DA:9,4
DA:12,4
DA:13,0
DA:19,4
DA:21,4
DA:22,4
DA:24,4
DA:25,5
DA:27,5
DA:28,0
DA:29,0
DA:32,5
DA:34,4
DA:35,6
DA:37,6
DA:38,3
DA:39,3
DA:42,3
DA:44,4
DA:45,4
DA:46,0
DA:47,0
DA:49,4
DA:53,4
DA:54,4
DA:58,4
DA:59,2
DA:60,2
DA:62,2
DA:63,0
DA:64,0
DA:67,3
DA:68,2
DA:70,4
DA:71,1
DA:72,0
DA:75,0
DA:77,1
DA:78,1
DA:79,0
DA:82,0
DA:84,1
DA:86,1
DA:91,4
LF:47
LH:36
BRDA:27,0,0,0
BRDA:37,1,0,3
BRDA:45,2,0,0
BRDA:62,3,0,0
BRDA:71,4,0,0
BRDA:78,5,0,0
BRF:6
BRH:1
end_of_record
TN:
SF:src/routes/videos.router.ts
FN:10,(anonymous_1)
FN:17,(anonymous_2)
FN:21,(anonymous_3)
FN:26,(anonymous_4)
FN:31,(anonymous_5)
FN:32,(anonymous_6)
FN:41,(anonymous_7)
FN:55,(anonymous_8)
FN:57,(anonymous_9)
FN:64,(anonymous_10)
FN:67,(anonymous_11)
FN:74,(anonymous_12)
FNF:12
FNH:10
FNDA:0,(anonymous_1)
FNDA:4,(anonymous_2)
FNDA:5,(anonymous_3)
FNDA:0,(anonymous_4)
FNDA:6,(anonymous_5)
FNDA:5,(anonymous_6)
FNDA:3,(anonymous_7)
FNDA:2,(anonymous_8)
FNDA:2,(anonymous_9)
FNDA:3,(anonymous_10)
FNDA:2,(anonymous_11)
FNDA:1,(anonymous_12)
DA:1,4
DA:2,4
DA:10,4
DA:11,0
DA:17,4
DA:19,4
DA:21,4
DA:22,5
DA:24,5
DA:25,0
DA:26,0
DA:29,5
DA:31,4
DA:32,6
DA:34,6
DA:35,3
DA:36,3
DA:39,3
DA:41,4
DA:42,3
DA:43,1
DA:44,1
DA:46,2
DA:50,2
DA:51,2
DA:55,4
DA:56,2
DA:57,2
DA:59,2
DA:60,0
DA:61,0
DA:64,3
DA:65,2
DA:67,4
DA:68,2
DA:69,1
DA:72,1
DA:74,1
DA:75,1
DA:76,0
DA:79,0
DA:81,1
DA:83,1
DA:88,4
LF:44
LH:37
BRDA:24,0,0,0
BRDA:34,1,0,3
BRDA:42,2,0,1
BRDA:59,3,0,0
BRDA:68,4,0,1
BRDA:75,5,0,0
BRF:6
BRH:3
end_of_record
TN:
SF:src/utils/utils.ts
FNF:0
FNH:0
DA:1,4
LF:1
LH:1
BRF:0
BRH:0
end_of_record
